# JRE version: OpenJDK Runtime Environment Temurin-21.0.11+10 (21.0.11+10) (build 21.0.11+10-LTS)
# Java VM: OpenJDK 64-Bit Server VM Temurin-21.0.11+10 (21.0.11+10-LTS, mixed mode, sharing, tiered, compressed oops, compressed class ptrs, parallel gc, windows-amd64)
GC Precious Log:
 CardTable entry size: 512
 CPUs: 8 total, 8 available
 Memory: 7379M
 Large Page Support: Disabled
 NUMA Support: Disabled
 Compressed Oops: Enabled (32-bit)
 Alignments: Space 512K, Generation 512K, Heap 2M
 Heap Min Capacity: 100M
 Heap Initial Capacity: 100M
 Heap Max Capacity: 2G
 Pre-touch: Disabled
 Parallel Workers: 8
Heap:
 PSYoungGen      total 14848K, used 13604K [0x00000000d5580000, 0x00000000d6600000, 0x0000000100000000)
  eden space 13824K, 96% used [0x00000000d5580000,0x00000000d6281280,0x00000000d6300000)
  from space 1024K, 28% used [0x00000000d6400000,0x00000000d6448000,0x00000000d6500000)
  to   space 512K, 0% used [0x00000000d6580000,0x00000000d6580000,0x00000000d6600000)
 ParOldGen       total 230400K, used 228395K [0x0000000080000000, 0x000000008e100000, 0x00000000d5580000)
  object space 230400K, 99% used [0x0000000080000000,0x000000008df0ad38,0x000000008e100000)
 Metaspace       used 67885K, committed 69504K, reserved 1114112K
  class space    used 7133K, committed 7872K, reserved 1048576K
GC Heap History (20 events):
Event: 470.653 GC heap before
{Heap before GC invocations=127 (full 3):
 PSYoungGen      total 14336K, used 14144K [0x00000000d5580000, 0x00000000d6700000, 0x0000000100000000)
  eden space 13824K, 100% used [0x00000000d5580000,0x00000000d6300000,0x00000000d6300000)
  from space 512K, 62% used [0x00000000d6600000,0x00000000d6650000,0x00000000d6680000)
  to   space 512K, 0% used [0x00000000d6680000,0x00000000d6680000,0x00000000d6700000)
 ParOldGen       total 147456K, used 147289K [0x0000000080000000, 0x0000000089000000, 0x00000000d5580000)
  object space 147456K, 99% used [0x0000000080000000,0x0000000088fd6680,0x0000000089000000)
 Metaspace       used 67128K, committed 68608K, reserved 1114112K
  class space    used 7100K, committed 7744K, reserved 1048576K
}
Event: 470.655 GC heap after
{Heap after GC invocations=127 (full 3):
 PSYoungGen      total 14336K, used 352K [0x00000000d5580000, 0x00000000d6700000, 0x0000000100000000)
  eden space 13824K, 0% used [0x00000000d5580000,0x00000000d5580000,0x00000000d6300000)
  from space 512K, 68% used [0x00000000d6680000,0x00000000d66d8000,0x00000000d6700000)
  to   space 512K, 0% used [0x00000000d6600000,0x00000000d6600000,0x00000000d6680000)
 ParOldGen       total 147968K, used 147489K [0x0000000080000000, 0x0000000089080000, 0x00000000d5580000)
  object space 147968K, 99% used [0x0000000080000000,0x0000000089008680,0x0000000089080000)
 Metaspace       used 67128K, committed 68608K, reserved 1114112K
  class space    used 7100K, committed 7744K, reserved 1048576K
}
Event: 470.673 GC heap before
{Heap before GC invocations=128 (full 3):
 PSYoungGen      total 14336K, used 14176K [0x00000000d5580000, 0x00000000d6700000, 0x0000000100000000)
  eden space 13824K, 100% used [0x00000000d5580000,0x00000000d6300000,0x00000000d6300000)
  from space 512K, 68% used [0x00000000d6680000,0x00000000d66d8000,0x00000000d6700000)
  to   space 512K, 0% used [0x00000000d6600000,0x00000000d6600000,0x00000000d6680000)
 ParOldGen       total 147968K, used 147489K [0x0000000080000000, 0x0000000089080000, 0x00000000d5580000)
  object space 147968K, 99% used [0x0000000080000000,0x0000000089008680,0x0000000089080000)
 Metaspace       used 67128K, committed 68608K, reserved 1114112K
  class space    used 7100K, committed 7744K, reserved 1048576K
}
Event: 470.675 GC heap after
{Heap after GC invocations=128 (full 3):
 PSYoungGen      total 14336K, used 448K [0x00000000d5580000, 0x00000000d6700000, 0x0000000100000000)
  eden space 13824K, 0% used [0x00000000d5580000,0x00000000d5580000,0x00000000d6300000)
  from space 512K, 87% used [0x00000000d6600000,0x00000000d6670000,0x00000000d6680000)
  to   space 512K, 0% used [0x00000000d6680000,0x00000000d6680000,0x00000000d6700000)
 ParOldGen       total 147968K, used 147737K [0x0000000080000000, 0x0000000089080000, 0x00000000d5580000)
  object space 147968K, 99% used [0x0000000080000000,0x0000000089046680,0x0000000089080000)
 Metaspace       used 67128K, committed 68608K, reserved 1114112K
  class space    used 7100K, committed 7744K, reserved 1048576K
}
Event: 470.722 GC heap before
{Heap before GC invocations=129 (full 3):
 PSYoungGen      total 14336K, used 14272K [0x00000000d5580000, 0x00000000d6700000, 0x0000000100000000)
  eden space 13824K, 100% used [0x00000000d5580000,0x00000000d6300000,0x00000000d6300000)
  from space 512K, 87% used [0x00000000d6600000,0x00000000d6670000,0x00000000d6680000)
  to   space 512K, 0% used [0x00000000d6680000,0x00000000d6680000,0x00000000d6700000)
 ParOldGen       total 147968K, used 147737K [0x0000000080000000, 0x0000000089080000, 0x00000000d5580000)
  object space 147968K, 99% used [0x0000000080000000,0x0000000089046680,0x0000000089080000)
 Metaspace       used 67133K, committed 68608K, reserved 1114112K
  class space    used 7100K, committed 7744K, reserved 1048576K
}
Event: 470.724 GC heap after
{Heap after GC invocations=129 (full 3):
 PSYoungGen      total 14336K, used 497K [0x00000000d5580000, 0x00000000d6700000, 0x0000000100000000)
  eden space 13824K, 0% used [0x00000000d5580000,0x00000000d5580000,0x00000000d6300000)
  from space 512K, 97% used [0x00000000d6680000,0x00000000d66fc5a0,0x00000000d6700000)
  to   space 2048K, 0% used [0x00000000d6300000,0x00000000d6300000,0x00000000d6500000)
 ParOldGen       total 148992K, used 148768K [0x0000000080000000, 0x0000000089180000, 0x00000000d5580000)
  object space 148992K, 99% used [0x0000000080000000,0x0000000089148028,0x0000000089180000)
 Metaspace       used 67133K, committed 68608K, reserved 1114112K
  class space    used 7100K, committed 7744K, reserved 1048576K
}
Event: 470.754 GC heap before
{Heap before GC invocations=130 (full 3):
 PSYoungGen      total 14336K, used 14321K [0x00000000d5580000, 0x00000000d6700000, 0x0000000100000000)
  eden space 13824K, 100% used [0x00000000d5580000,0x00000000d6300000,0x00000000d6300000)
  from space 512K, 97% used [0x00000000d6680000,0x00000000d66fc5a0,0x00000000d6700000)
  to   space 2048K, 0% used [0x00000000d6300000,0x00000000d6300000,0x00000000d6500000)
 ParOldGen       total 148992K, used 148768K [0x0000000080000000, 0x0000000089180000, 0x00000000d5580000)
  object space 148992K, 99% used [0x0000000080000000,0x0000000089148028,0x0000000089180000)
 Metaspace       used 67134K, committed 68608K, reserved 1114112K
  class space    used 7100K, committed 7744K, reserved 1048576K
}
Event: 470.755 GC heap after
{Heap after GC invocations=130 (full 3):
 PSYoungGen      total 15872K, used 224K [0x00000000d5580000, 0x00000000d6700000, 0x0000000100000000)
  eden space 13824K, 0% used [0x00000000d5580000,0x00000000d5580000,0x00000000d6300000)
  from space 2048K, 10% used [0x00000000d6300000,0x00000000d6338000,0x00000000d6500000)
  to   space 1024K, 0% used [0x00000000d6600000,0x00000000d6600000,0x00000000d6700000)
 ParOldGen       total 149504K, used 149137K [0x0000000080000000, 0x0000000089200000, 0x00000000d5580000)
  object space 149504K, 99% used [0x0000000080000000,0x00000000891a45e8,0x0000000089200000)
 Metaspace       used 67134K, committed 68608K, reserved 1114112K
  class space    used 7100K, committed 7744K, reserved 1048576K
}
Event: 470.784 GC heap before
{Heap before GC invocations=131 (full 3):
 PSYoungGen      total 15872K, used 14048K [0x00000000d5580000, 0x00000000d6700000, 0x0000000100000000)
  eden space 13824K, 100% used [0x00000000d5580000,0x00000000d6300000,0x00000000d6300000)
  from space 2048K, 10% used [0x00000000d6300000,0x00000000d6338000,0x00000000d6500000)
  to   space 1024K, 0% used [0x00000000d6600000,0x00000000d6600000,0x00000000d6700000)
 ParOldGen       total 149504K, used 149137K [0x0000000080000000, 0x0000000089200000, 0x00000000d5580000)
  object space 149504K, 99% used [0x0000000080000000,0x00000000891a45e8,0x0000000089200000)
 Metaspace       used 67134K, committed 68608K, reserved 1114112K
  class space    used 7100K, committed 7744K, reserved 1048576K
}
Event: 470.786 GC heap after
{Heap after GC invocations=131 (full 3):
 PSYoungGen      total 14336K, used 394K [0x00000000d5580000, 0x00000000d6680000, 0x0000000100000000)
  eden space 13824K, 0% used [0x00000000d5580000,0x00000000d5580000,0x00000000d6300000)
  from space 512K, 77% used [0x00000000d6600000,0x00000000d6662910,0x00000000d6680000)
  to   space 512K, 0% used [0x00000000d6580000,0x00000000d6580000,0x00000000d6600000)
 ParOldGen       total 149504K, used 149201K [0x0000000080000000, 0x0000000089200000, 0x00000000d5580000)
  object space 149504K, 99% used [0x0000000080000000,0x00000000891b45e8,0x0000000089200000)
 Metaspace       used 67134K, committed 68608K, reserved 1114112K
  class space    used 7100K, committed 7744K, reserved 1048576K
}
Event: 470.834 GC heap before
{Heap before GC invocations=132 (full 3):
 PSYoungGen      total 14336K, used 14218K [0x00000000d5580000, 0x00000000d6680000, 0x0000000100000000)
  eden space 13824K, 100% used [0x00000000d5580000,0x00000000d6300000,0x00000000d6300000)
  from space 512K, 77% used [0x00000000d6600000,0x00000000d6662910,0x00000000d6680000)
  to   space 512K, 0% used [0x00000000d6580000,0x00000000d6580000,0x00000000d6600000)
 ParOldGen       total 149504K, used 149201K [0x0000000080000000, 0x0000000089200000, 0x00000000d5580000)
  object space 149504K, 99% used [0x0000000080000000,0x00000000891b45e8,0x0000000089200000)
 Metaspace       used 67134K, committed 68608K, reserved 1114112K
  class space    used 7100K, committed 7744K, reserved 1048576K
}
Event: 470.836 GC heap after
{Heap after GC invocations=132 (full 3):
 PSYoungGen      total 14336K, used 507K [0x00000000d5580000, 0x00000000d6680000, 0x0000000100000000)
  eden space 13824K, 0% used [0x00000000d5580000,0x00000000d5580000,0x00000000d6300000)
  from space 512K, 99% used [0x00000000d6580000,0x00000000d65fec30,0x00000000d6600000)
  to   space 512K, 0% used [0x00000000d6600000,0x00000000d6600000,0x00000000d6680000)
 ParOldGen       total 149504K, used 149483K [0x0000000080000000, 0x0000000089200000, 0x00000000d5580000)
  object space 149504K, 99% used [0x0000000080000000,0x00000000891fac58,0x0000000089200000)
 Metaspace       used 67134K, committed 68608K, reserved 1114112K
  class space    used 7100K, committed 7744K, reserved 1048576K
}
Event: 470.967 GC heap before
{Heap before GC invocations=133 (full 3):
 PSYoungGen      total 14336K, used 14331K [0x00000000d5580000, 0x00000000d6680000, 0x0000000100000000)
  eden space 13824K, 100% used [0x00000000d5580000,0x00000000d6300000,0x00000000d6300000)
  from space 512K, 99% used [0x00000000d6580000,0x00000000d65fec30,0x00000000d6600000)
  to   space 512K, 0% used [0x00000000d6600000,0x00000000d6600000,0x00000000d6680000)
 ParOldGen       total 149504K, used 149483K [0x0000000080000000, 0x0000000089200000, 0x00000000d5580000)
  object space 149504K, 99% used [0x0000000080000000,0x00000000891fac58,0x0000000089200000)
 Metaspace       used 67178K, committed 68672K, reserved 1114112K
  class space    used 7100K, committed 7744K, reserved 1048576K
}
Event: 470.969 GC heap after
{Heap after GC invocations=133 (full 3):
 PSYoungGen      total 14336K, used 500K [0x00000000d5580000, 0x00000000d6680000, 0x0000000100000000)
  eden space 13824K, 0% used [0x00000000d5580000,0x00000000d5580000,0x00000000d6300000)
  from space 512K, 97% used [0x00000000d6600000,0x00000000d667d200,0x00000000d6680000)
  to   space 1024K, 0% used [0x00000000d6480000,0x00000000d6480000,0x00000000d6580000)
 ParOldGen       total 150016K, used 149635K [0x0000000080000000, 0x0000000089280000, 0x00000000d5580000)
  object space 150016K, 99% used [0x0000000080000000,0x0000000089220c58,0x0000000089280000)
 Metaspace       used 67178K, committed 68672K, reserved 1114112K
  class space    used 7100K, committed 7744K, reserved 1048576K
}
Event: 768.192 GC heap before
{Heap before GC invocations=134 (full 3):
 PSYoungGen      total 14336K, used 14324K [0x00000000d5580000, 0x00000000d6680000, 0x0000000100000000)
  eden space 13824K, 100% used [0x00000000d5580000,0x00000000d6300000,0x00000000d6300000)
  from space 512K, 97% used [0x00000000d6600000,0x00000000d667d200,0x00000000d6680000)
  to   space 1024K, 0% used [0x00000000d6480000,0x00000000d6480000,0x00000000d6580000)
 ParOldGen       total 150016K, used 149635K [0x0000000080000000, 0x0000000089280000, 0x00000000d5580000)
  object space 150016K, 99% used [0x0000000080000000,0x0000000089220c58,0x0000000089280000)
 Metaspace       used 67603K, committed 69248K, reserved 1114112K
  class space    used 7128K, committed 7872K, reserved 1048576K
}
Event: 768.206 GC heap after
{Heap after GC invocations=134 (full 3):
 PSYoungGen      total 14848K, used 1024K [0x00000000d5580000, 0x00000000d6800000, 0x0000000100000000)
  eden space 13824K, 0% used [0x00000000d5580000,0x00000000d5580000,0x00000000d6300000)
  from space 1024K, 100% used [0x00000000d6480000,0x00000000d6580000,0x00000000d6580000)
  to   space 2560K, 0% used [0x00000000d6580000,0x00000000d6580000,0x00000000d6800000)
 ParOldGen       total 150528K, used 150484K [0x0000000080000000, 0x0000000089300000, 0x00000000d5580000)
  object space 150528K, 99% used [0x0000000080000000,0x00000000892f5288,0x0000000089300000)
 Metaspace       used 67603K, committed 69248K, reserved 1114112K
  class space    used 7128K, committed 7872K, reserved 1048576K
}
Event: 1048.773 GC heap before
{Heap before GC invocations=135 (full 3):
 PSYoungGen      total 14848K, used 14848K [0x00000000d5580000, 0x00000000d6800000, 0x0000000100000000)
  eden space 13824K, 100% used [0x00000000d5580000,0x00000000d6300000,0x00000000d6300000)
  from space 1024K, 100% used [0x00000000d6480000,0x00000000d6580000,0x00000000d6580000)
  to   space 2560K, 0% used [0x00000000d6580000,0x00000000d6580000,0x00000000d6800000)
 ParOldGen       total 150528K, used 150484K [0x0000000080000000, 0x0000000089300000, 0x00000000d5580000)
  object space 150528K, 99% used [0x0000000080000000,0x00000000892f5288,0x0000000089300000)
 Metaspace       used 67704K, committed 69312K, reserved 1114112K
  class space    used 7130K, committed 7872K, reserved 1048576K
}
Event: 1048.783 GC heap after
{Heap after GC invocations=135 (full 3):
 PSYoungGen      total 14336K, used 352K [0x00000000d5580000, 0x00000000d6600000, 0x0000000100000000)
  eden space 13824K, 0% used [0x00000000d5580000,0x00000000d5580000,0x00000000d6300000)
  from space 512K, 68% used [0x00000000d6580000,0x00000000d65d8000,0x00000000d6600000)
  to   space 1024K, 0% used [0x00000000d6400000,0x00000000d6400000,0x00000000d6500000)
 ParOldGen       total 151552K, used 151523K [0x0000000080000000, 0x0000000089400000, 0x00000000d5580000)
  object space 151552K, 99% used [0x0000000080000000,0x00000000893f8cc8,0x0000000089400000)
 Metaspace       used 67704K, committed 69312K, reserved 1114112K
  class space    used 7130K, committed 7872K, reserved 1048576K
}
Event: 1348.801 GC heap before
{Heap before GC invocations=136 (full 3):
 PSYoungGen      total 14336K, used 14176K [0x00000000d5580000, 0x00000000d6600000, 0x0000000100000000)
  eden space 13824K, 100% used [0x00000000d5580000,0x00000000d6300000,0x00000000d6300000)
  from space 512K, 68% used [0x00000000d6580000,0x00000000d65d8000,0x00000000d6600000)
  to   space 1024K, 0% used [0x00000000d6400000,0x00000000d6400000,0x00000000d6500000)
 ParOldGen       total 206848K, used 205283K [0x0000000080000000, 0x000000008ca00000, 0x00000000d5580000)
  object space 206848K, 99% used [0x0000000080000000,0x000000008c878d18,0x000000008ca00000)
 Metaspace       used 67815K, committed 69440K, reserved 1114112K
  class space    used 7133K, committed 7872K, reserved 1048576K
}
Event: 1348.850 GC heap after
{Heap after GC invocations=136 (full 3):
 PSYoungGen      total 14848K, used 288K [0x00000000d5580000, 0x00000000d6600000, 0x0000000100000000)
  eden space 13824K, 0% used [0x00000000d5580000,0x00000000d5580000,0x00000000d6300000)
  from space 1024K, 28% used [0x00000000d6400000,0x00000000d6448000,0x00000000d6500000)
  to   space 512K, 0% used [0x00000000d6580000,0x00000000d6580000,0x00000000d6600000)
 ParOldGen       total 206848K, used 205355K [0x0000000080000000, 0x000000008ca00000, 0x00000000d5580000)
  object space 206848K, 99% used [0x0000000080000000,0x000000008c88ad18,0x000000008ca00000)
 Metaspace       used 67815K, committed 69440K, reserved 1114112K
  class space    used 7133K, committed 7872K, reserved 1048576K
}

