# JRE version: OpenJDK Runtime Environment Temurin-21.0.11+10 (21.0.11+10) (build 21.0.11+10-LTS)
# Java VM: OpenJDK 64-Bit Server VM Temurin-21.0.11+10 (21.0.11+10-LTS, mixed mode, sharing, tiered, compressed oops, compressed class ptrs, parallel gc, windows-amd64)
GC Precious Log:
 CardTable entry size: 512
 CPUs: 8 total, 8 available
 Memory: 7379M
 Large Page Support: Disabled
 NUMA Support: Disabled
 Compressed Oops: Enabled (32-bit)
 Alignments: Space 512K, Generation 512K, Heap 2M
 Heap Min Capacity: 100M
 Heap Initial Capacity: 100M
 Heap Max Capacity: 2G
 Pre-touch: Disabled
 Parallel Workers: 8
Heap:
 PSYoungGen      total 3584K, used 650K [0x00000000d5580000, 0x00000000d5a00000, 0x0000000100000000)
  eden space 3072K, 12% used [0x00000000d5580000,0x00000000d55e2a50,0x00000000d5880000)
  from space 512K, 50% used [0x00000000d5900000,0x00000000d5940000,0x00000000d5980000)
  to   space 512K, 0% used [0x00000000d5980000,0x00000000d5980000,0x00000000d5a00000)
 ParOldGen       total 463872K, used 462834K [0x0000000080000000, 0x000000009c500000, 0x00000000d5580000)
  object space 463872K, 99% used [0x0000000080000000,0x000000009c3fcb80,0x000000009c500000)
 Metaspace       used 77771K, committed 79552K, reserved 1179648K
  class space    used 8162K, committed 8896K, reserved 1048576K
GC Heap History (20 events):
Event: 996.577 GC heap before
{Heap before GC invocations=1037 (full 3):
 PSYoungGen      total 3584K, used 3424K [0x00000000d5580000, 0x00000000d5a00000, 0x0000000100000000)
  eden space 3072K, 100% used [0x00000000d5580000,0x00000000d5880000,0x00000000d5880000)
  from space 512K, 68% used [0x00000000d5900000,0x00000000d5958000,0x00000000d5980000)
  to   space 512K, 0% used [0x00000000d5980000,0x00000000d5980000,0x00000000d5a00000)
 ParOldGen       total 431104K, used 430648K [0x0000000080000000, 0x000000009a500000, 0x00000000d5580000)
  object space 431104K, 99% used [0x0000000080000000,0x000000009a48e008,0x000000009a500000)
 Metaspace       used 77145K, committed 78912K, reserved 1179648K
  class space    used 8101K, committed 8832K, reserved 1048576K
}
Event: 996.579 GC heap after
{Heap after GC invocations=1037 (full 3):
 PSYoungGen      total 3584K, used 320K [0x00000000d5580000, 0x00000000d5a00000, 0x0000000100000000)
  eden space 3072K, 0% used [0x00000000d5580000,0x00000000d5580000,0x00000000d5880000)
  from space 512K, 62% used [0x00000000d5980000,0x00000000d59d0000,0x00000000d5a00000)
  to   space 512K, 0% used [0x00000000d5900000,0x00000000d5900000,0x00000000d5980000)
 ParOldGen       total 431104K, used 430816K [0x0000000080000000, 0x000000009a500000, 0x00000000d5580000)
  object space 431104K, 99% used [0x0000000080000000,0x000000009a4b8008,0x000000009a500000)
 Metaspace       used 77145K, committed 78912K, reserved 1179648K
  class space    used 8101K, committed 8832K, reserved 1048576K
}
Event: 996.787 GC heap before
{Heap before GC invocations=1038 (full 3):
 PSYoungGen      total 3584K, used 3378K [0x00000000d5580000, 0x00000000d5a00000, 0x0000000100000000)
  eden space 3072K, 99% used [0x00000000d5580000,0x00000000d587cad0,0x00000000d5880000)
  from space 512K, 62% used [0x00000000d5980000,0x00000000d59d0000,0x00000000d5a00000)
  to   space 512K, 0% used [0x00000000d5900000,0x00000000d5900000,0x00000000d5980000)
 ParOldGen       total 431104K, used 430816K [0x0000000080000000, 0x000000009a500000, 0x00000000d5580000)
  object space 431104K, 99% used [0x0000000080000000,0x000000009a4b8008,0x000000009a500000)
 Metaspace       used 77155K, committed 78912K, reserved 1179648K
  class space    used 8101K, committed 8832K, reserved 1048576K
}
Event: 996.791 GC heap after
{Heap after GC invocations=1038 (full 3):
 PSYoungGen      total 3584K, used 482K [0x00000000d5580000, 0x00000000d5a80000, 0x0000000100000000)
  eden space 3072K, 0% used [0x00000000d5580000,0x00000000d5580000,0x00000000d5880000)
  from space 512K, 94% used [0x00000000d5900000,0x00000000d59789a0,0x00000000d5980000)
  to   space 1024K, 0% used [0x00000000d5980000,0x00000000d5980000,0x00000000d5a80000)
 ParOldGen       total 431104K, used 431016K [0x0000000080000000, 0x000000009a500000, 0x00000000d5580000)
  object space 431104K, 99% used [0x0000000080000000,0x000000009a4ea008,0x000000009a500000)
 Metaspace       used 77155K, committed 78912K, reserved 1179648K
  class space    used 8101K, committed 8832K, reserved 1048576K
}
Event: 996.898 GC heap before
{Heap before GC invocations=1039 (full 3):
 PSYoungGen      total 3584K, used 3463K [0x00000000d5580000, 0x00000000d5a80000, 0x0000000100000000)
  eden space 3072K, 97% used [0x00000000d5580000,0x00000000d58694f8,0x00000000d5880000)
  from space 512K, 94% used [0x00000000d5900000,0x00000000d59789a0,0x00000000d5980000)
  to   space 1024K, 0% used [0x00000000d5980000,0x00000000d5980000,0x00000000d5a80000)
 ParOldGen       total 431104K, used 431016K [0x0000000080000000, 0x000000009a500000, 0x00000000d5580000)
  object space 431104K, 99% used [0x0000000080000000,0x000000009a4ea008,0x000000009a500000)
 Metaspace       used 77155K, committed 78912K, reserved 1179648K
  class space    used 8101K, committed 8832K, reserved 1048576K
}
Event: 996.900 GC heap after
{Heap after GC invocations=1039 (full 3):
 PSYoungGen      total 3584K, used 160K [0x00000000d5580000, 0x00000000d5a00000, 0x0000000100000000)
  eden space 3072K, 0% used [0x00000000d5580000,0x00000000d5580000,0x00000000d5880000)
  from space 512K, 31% used [0x00000000d5980000,0x00000000d59a8000,0x00000000d5a00000)
  to   space 512K, 0% used [0x00000000d5900000,0x00000000d5900000,0x00000000d5980000)
 ParOldGen       total 431616K, used 431296K [0x0000000080000000, 0x000000009a580000, 0x00000000d5580000)
  object space 431616K, 99% used [0x0000000080000000,0x000000009a530008,0x000000009a580000)
 Metaspace       used 77155K, committed 78912K, reserved 1179648K
  class space    used 8101K, committed 8832K, reserved 1048576K
}
Event: 997.036 GC heap before
{Heap before GC invocations=1040 (full 3):
 PSYoungGen      total 3584K, used 3230K [0x00000000d5580000, 0x00000000d5a00000, 0x0000000100000000)
  eden space 3072K, 99% used [0x00000000d5580000,0x00000000d587fa28,0x00000000d5880000)
  from space 512K, 31% used [0x00000000d5980000,0x00000000d59a8000,0x00000000d5a00000)
  to   space 512K, 0% used [0x00000000d5900000,0x00000000d5900000,0x00000000d5980000)
 ParOldGen       total 431616K, used 431296K [0x0000000080000000, 0x000000009a580000, 0x00000000d5580000)
  object space 431616K, 99% used [0x0000000080000000,0x000000009a530008,0x000000009a580000)
 Metaspace       used 77155K, committed 78912K, reserved 1179648K
  class space    used 8101K, committed 8832K, reserved 1048576K
}
Event: 997.038 GC heap after
{Heap after GC invocations=1040 (full 3):
 PSYoungGen      total 3584K, used 273K [0x00000000d5580000, 0x00000000d5a00000, 0x0000000100000000)
  eden space 3072K, 0% used [0x00000000d5580000,0x00000000d5580000,0x00000000d5880000)
  from space 512K, 53% used [0x00000000d5900000,0x00000000d5944770,0x00000000d5980000)
  to   space 512K, 0% used [0x00000000d5980000,0x00000000d5980000,0x00000000d5a00000)
 ParOldGen       total 431616K, used 431312K [0x0000000080000000, 0x000000009a580000, 0x00000000d5580000)
  object space 431616K, 99% used [0x0000000080000000,0x000000009a534008,0x000000009a580000)
 Metaspace       used 77155K, committed 78912K, reserved 1179648K
  class space    used 8101K, committed 8832K, reserved 1048576K
}
Event: 997.402 GC heap before
{Heap before GC invocations=1041 (full 3):
 PSYoungGen      total 3584K, used 3345K [0x00000000d5580000, 0x00000000d5a00000, 0x0000000100000000)
  eden space 3072K, 100% used [0x00000000d5580000,0x00000000d5880000,0x00000000d5880000)
  from space 512K, 53% used [0x00000000d5900000,0x00000000d5944770,0x00000000d5980000)
  to   space 512K, 0% used [0x00000000d5980000,0x00000000d5980000,0x00000000d5a00000)
 ParOldGen       total 431616K, used 431312K [0x0000000080000000, 0x000000009a580000, 0x00000000d5580000)
  object space 431616K, 99% used [0x0000000080000000,0x000000009a534008,0x000000009a580000)
 Metaspace       used 77155K, committed 78912K, reserved 1179648K
  class space    used 8101K, committed 8832K, reserved 1048576K
}
Event: 997.406 GC heap after
{Heap after GC invocations=1041 (full 3):
 PSYoungGen      total 3584K, used 256K [0x00000000d5580000, 0x00000000d5a00000, 0x0000000100000000)
  eden space 3072K, 0% used [0x00000000d5580000,0x00000000d5580000,0x00000000d5880000)
  from space 512K, 50% used [0x00000000d5980000,0x00000000d59c0000,0x00000000d5a00000)
  to   space 512K, 0% used [0x00000000d5900000,0x00000000d5900000,0x00000000d5980000)
 ParOldGen       total 431616K, used 431336K [0x0000000080000000, 0x000000009a580000, 0x00000000d5580000)
  object space 431616K, 99% used [0x0000000080000000,0x000000009a53a008,0x000000009a580000)
 Metaspace       used 77155K, committed 78912K, reserved 1179648K
  class space    used 8101K, committed 8832K, reserved 1048576K
}
Event: 997.482 GC heap before
{Heap before GC invocations=1042 (full 3):
 PSYoungGen      total 3584K, used 3328K [0x00000000d5580000, 0x00000000d5a00000, 0x0000000100000000)
  eden space 3072K, 100% used [0x00000000d5580000,0x00000000d5880000,0x00000000d5880000)
  from space 512K, 50% used [0x00000000d5980000,0x00000000d59c0000,0x00000000d5a00000)
  to   space 512K, 0% used [0x00000000d5900000,0x00000000d5900000,0x00000000d5980000)
 ParOldGen       total 431616K, used 431336K [0x0000000080000000, 0x000000009a580000, 0x00000000d5580000)
  object space 431616K, 99% used [0x0000000080000000,0x000000009a53a008,0x000000009a580000)
 Metaspace       used 77162K, committed 78912K, reserved 1179648K
  class space    used 8101K, committed 8832K, reserved 1048576K
}
Event: 997.485 GC heap after
{Heap after GC invocations=1042 (full 3):
 PSYoungGen      total 3584K, used 512K [0x00000000d5580000, 0x00000000d5a80000, 0x0000000100000000)
  eden space 3072K, 0% used [0x00000000d5580000,0x00000000d5580000,0x00000000d5880000)
  from space 512K, 100% used [0x00000000d5900000,0x00000000d5980000,0x00000000d5980000)
  to   space 1024K, 0% used [0x00000000d5980000,0x00000000d5980000,0x00000000d5a80000)
 ParOldGen       total 431616K, used 431448K [0x0000000080000000, 0x000000009a580000, 0x00000000d5580000)
  object space 431616K, 99% used [0x0000000080000000,0x000000009a556008,0x000000009a580000)
 Metaspace       used 77162K, committed 78912K, reserved 1179648K
  class space    used 8101K, committed 8832K, reserved 1048576K
}
Event: 997.561 GC heap before
{Heap before GC invocations=1043 (full 3):
 PSYoungGen      total 3584K, used 3584K [0x00000000d5580000, 0x00000000d5a80000, 0x0000000100000000)
  eden space 3072K, 100% used [0x00000000d5580000,0x00000000d5880000,0x00000000d5880000)
  from space 512K, 100% used [0x00000000d5900000,0x00000000d5980000,0x00000000d5980000)
  to   space 1024K, 0% used [0x00000000d5980000,0x00000000d5980000,0x00000000d5a80000)
 ParOldGen       total 431616K, used 431448K [0x0000000080000000, 0x000000009a580000, 0x00000000d5580000)
  object space 431616K, 99% used [0x0000000080000000,0x000000009a556008,0x000000009a580000)
 Metaspace       used 77189K, committed 78976K, reserved 1179648K
  class space    used 8104K, committed 8896K, reserved 1048576K
}
Event: 997.564 GC heap after
{Heap after GC invocations=1043 (full 3):
 PSYoungGen      total 3584K, used 320K [0x00000000d5580000, 0x00000000d5a00000, 0x0000000100000000)
  eden space 3072K, 0% used [0x00000000d5580000,0x00000000d5580000,0x00000000d5880000)
  from space 512K, 62% used [0x00000000d5980000,0x00000000d59d0000,0x00000000d5a00000)
  to   space 512K, 0% used [0x00000000d5900000,0x00000000d5900000,0x00000000d5980000)
 ParOldGen       total 431616K, used 431584K [0x0000000080000000, 0x000000009a580000, 0x00000000d5580000)
  object space 431616K, 99% used [0x0000000080000000,0x000000009a578008,0x000000009a580000)
 Metaspace       used 77189K, committed 78976K, reserved 1179648K
  class space    used 8104K, committed 8896K, reserved 1048576K
}
Event: 997.728 GC heap before
{Heap before GC invocations=1044 (full 3):
 PSYoungGen      total 3584K, used 3392K [0x00000000d5580000, 0x00000000d5a00000, 0x0000000100000000)
  eden space 3072K, 100% used [0x00000000d5580000,0x00000000d5880000,0x00000000d5880000)
  from space 512K, 62% used [0x00000000d5980000,0x00000000d59d0000,0x00000000d5a00000)
  to   space 512K, 0% used [0x00000000d5900000,0x00000000d5900000,0x00000000d5980000)
 ParOldGen       total 431616K, used 431584K [0x0000000080000000, 0x000000009a580000, 0x00000000d5580000)
  object space 431616K, 99% used [0x0000000080000000,0x000000009a578008,0x000000009a580000)
 Metaspace       used 77400K, committed 79232K, reserved 1179648K
  class space    used 8117K, committed 8896K, reserved 1048576K
}
Event: 997.731 GC heap after
{Heap after GC invocations=1044 (full 3):
 PSYoungGen      total 3584K, used 389K [0x00000000d5580000, 0x00000000d5a00000, 0x0000000100000000)
  eden space 3072K, 0% used [0x00000000d5580000,0x00000000d5580000,0x00000000d5880000)
  from space 512K, 75% used [0x00000000d5900000,0x00000000d5961420,0x00000000d5980000)
  to   space 512K, 0% used [0x00000000d5980000,0x00000000d5980000,0x00000000d5a00000)
 ParOldGen       total 432128K, used 431768K [0x0000000080000000, 0x000000009a600000, 0x00000000d5580000)
  object space 432128K, 99% used [0x0000000080000000,0x000000009a5a6008,0x000000009a600000)
 Metaspace       used 77400K, committed 79232K, reserved 1179648K
  class space    used 8117K, committed 8896K, reserved 1048576K
}
Event: 997.910 GC heap before
{Heap before GC invocations=1045 (full 3):
 PSYoungGen      total 3584K, used 3461K [0x00000000d5580000, 0x00000000d5a00000, 0x0000000100000000)
  eden space 3072K, 100% used [0x00000000d5580000,0x00000000d5880000,0x00000000d5880000)
  from space 512K, 75% used [0x00000000d5900000,0x00000000d5961420,0x00000000d5980000)
  to   space 512K, 0% used [0x00000000d5980000,0x00000000d5980000,0x00000000d5a00000)
 ParOldGen       total 463872K, used 462488K [0x0000000080000000, 0x000000009c500000, 0x00000000d5580000)
  object space 463872K, 99% used [0x0000000080000000,0x000000009c3a6038,0x000000009c500000)
 Metaspace       used 77563K, committed 79360K, reserved 1179648K
  class space    used 8136K, committed 8896K, reserved 1048576K
}
Event: 997.913 GC heap after
{Heap after GC invocations=1045 (full 3):
 PSYoungGen      total 3584K, used 256K [0x00000000d5580000, 0x00000000d5a00000, 0x0000000100000000)
  eden space 3072K, 0% used [0x00000000d5580000,0x00000000d5580000,0x00000000d5880000)
  from space 512K, 50% used [0x00000000d5980000,0x00000000d59c0000,0x00000000d5a00000)
  to   space 512K, 0% used [0x00000000d5900000,0x00000000d5900000,0x00000000d5980000)
 ParOldGen       total 463872K, used 462738K [0x0000000080000000, 0x000000009c500000, 0x00000000d5580000)
  object space 463872K, 99% used [0x0000000080000000,0x000000009c3e4b80,0x000000009c500000)
 Metaspace       used 77563K, committed 79360K, reserved 1179648K
  class space    used 8136K, committed 8896K, reserved 1048576K
}
Event: 1080.015 GC heap before
{Heap before GC invocations=1046 (full 3):
 PSYoungGen      total 3584K, used 3327K [0x00000000d5580000, 0x00000000d5a00000, 0x0000000100000000)
  eden space 3072K, 99% used [0x00000000d5580000,0x00000000d587ffe0,0x00000000d5880000)
  from space 512K, 50% used [0x00000000d5980000,0x00000000d59c0000,0x00000000d5a00000)
  to   space 512K, 0% used [0x00000000d5900000,0x00000000d5900000,0x00000000d5980000)
 ParOldGen       total 463872K, used 462738K [0x0000000080000000, 0x000000009c500000, 0x00000000d5580000)
  object space 463872K, 99% used [0x0000000080000000,0x000000009c3e4b80,0x000000009c500000)
 Metaspace       used 77745K, committed 79552K, reserved 1179648K
  class space    used 8158K, committed 8896K, reserved 1048576K
}
Event: 1080.019 GC heap after
{Heap after GC invocations=1046 (full 3):
 PSYoungGen      total 3584K, used 256K [0x00000000d5580000, 0x00000000d5a00000, 0x0000000100000000)
  eden space 3072K, 0% used [0x00000000d5580000,0x00000000d5580000,0x00000000d5880000)
  from space 512K, 50% used [0x00000000d5900000,0x00000000d5940000,0x00000000d5980000)
  to   space 512K, 0% used [0x00000000d5980000,0x00000000d5980000,0x00000000d5a00000)
 ParOldGen       total 463872K, used 462834K [0x0000000080000000, 0x000000009c500000, 0x00000000d5580000)
  object space 463872K, 99% used [0x0000000080000000,0x000000009c3fcb80,0x000000009c500000)
 Metaspace       used 77745K, committed 79552K, reserved 1179648K
  class space    used 8158K, committed 8896K, reserved 1048576K
}

